<?xml version="1.0" encoding="UTF-8"?>
<testng-results skipped="0" failed="0" total="1" passed="1">
  <reporter-output>
  </reporter-output>
  <suite name="Default suite" duration-ms="18094" started-at="2016-01-29T12:11:12Z" finished-at="2016-01-29T12:11:31Z">
    <groups>
    </groups>
    <test name="Default test" duration-ms="18094" started-at="2016-01-29T12:11:12Z" finished-at="2016-01-29T12:11:31Z">
      <class name="testNGTestCases.WebDriverDemoForScreenshot">
        <test-method status="PASS" signature="testTakeScreenShot()[pri:0, instance:testNGTestCases.WebDriverDemoForScreenshot@feba21]" name="testTakeScreenShot" duration-ms="18052" started-at="2016-01-29T17:41:13Z" finished-at="2016-01-29T17:41:31Z">
          <reporter-output>
          </reporter-output>
        </test-method> <!-- testTakeScreenShot -->
      </class> <!-- testNGTestCases.WebDriverDemoForScreenshot -->
    </test> <!-- Default test -->
  </suite> <!-- Default suite -->
</testng-results>
